C51 COMPILER V9.54   MAIN                                                                  07/26/2015 10:29:23 PAGE 1   


C51 COMPILER V9.54, COMPILATION OF MODULE MAIN
OBJECT MODULE PLACED IN .\Objects\main.obj
COMPILER INVOKED BY: C:\Keil_v5\C51\BIN\C51.EXE main.c OPTIMIZE(8,SPEED) BROWSE DEBUG OBJECTEXTEND PRINT(.\Listings\main
                    -.lst) OBJECT(.\Objects\main.obj)

line level    source

   1          /**************************************
   2            > File Name: 四线双极性步进电机
   3            > Author: pengshp
   4            > Mail: pengshp3@outlook.com
   5            > Date: 2015年 7 月 26 日
   6          ***************************************/
   7          #include <reg51.h>
   8          #define uchar unsigned char
   9          #define uint unsigned int
  10          
  11          sbit PH1=P1^0;//A线圈电流控制
  12          sbit PH2=P1^1;//B线圈电流控制
  13          sbit T01=P1^2;//UDN2916电流控制
  14          sbit T11=P1^4;
  15          sbit T02=P1^3;
  16          sbit T12=P1^5;
  17          
  18          void Delay(uchar t)//延时函数
  19          {
  20   1              uchar a;
  21   1              while(t--)
  22   1              {
  23   2                      for(a=70;a>0;a--);
  24   2              }
  25   1      }
  26          
  27          /*半步八拍节拍控制函数*/
  28          void Step()
  29          {
  30   1              /*A/ A拍反向电流*/
  31   1              PH1=0;//PH1为0，A组线圈为反向电流
  32   1              T01=0;//以最大电流输出
  33   1              T11=0;
  34   1              PH2=1;//PH2为1，B线圈为正向电流
  35   1              T02=1;//关闭电流输出
  36   1              T12=1;
  37   1              Delay(2);
  38   1              
  39   1              /*A/B AB拍，A为反向电流，B为正向电流*/
  40   1              PH1=1;//PH1为1，A组线圈为正向电流
  41   1              T01=0;//以最大电流输出
  42   1              T11=0;
  43   1              PH2=1;//PH2为1，B线圈为正向电流
  44   1              T02=1;//关闭电流输出
  45   1              T12=1;
  46   1              Delay(2);
  47   1              
  48   1              /*B B为正向电流*/
  49   1              PH1=0;//PH1为0，A组线圈为反向电流
  50   1              T01=1;//关闭电流输出
  51   1              T11=1;
  52   1              PH2=1;//PH2为1，B线圈为正向电流
  53   1              T02=0;//
  54   1              T12=0;
C51 COMPILER V9.54   MAIN                                                                  07/26/2015 10:29:23 PAGE 2   

  55   1              Delay(2);
  56   1              
  57   1              /*AB AB都为正向电流*/
  58   1              PH1=1;//PH1为1，A组线圈为正向电流
  59   1              T01=0;//以最大电流输出
  60   1              T11=0;
  61   1              PH2=1;//PH2为1，B线圈为正向电流
  62   1              T02=0;//以最大电流输出
  63   1              T12=0;
  64   1              Delay(2);
  65   1              
  66   1              /*A A为正向电流*/
  67   1              PH1=1;//PH1为1，A组线圈为正向电流
  68   1              T01=0;//以最大电流输出
  69   1              T11=0;
  70   1              PH2=1;//PH2为1，B线圈为正向电流
  71   1              T02=1;//关闭电流输出
  72   1              T12=1;
  73   1              Delay(2);
  74   1              
  75   1              /*AB/ A为正向电流,B为反向电流*/
  76   1              PH1=1;//PH1为1，A组线圈为正向电流
  77   1              T01=0;//以最大电流输出
  78   1              T11=0;
  79   1              PH2=0;//PH为0，B线圈为反向电流
  80   1              T02=0;//以最大电流输出
  81   1              T12=0;
  82   1              Delay(2);
  83   1              
  84   1              /*B/ B为反向电流*/
  85   1              PH1=1;//PH1为1，A组线圈为正向电流
  86   1              T01=1;//关闭电流输出
  87   1              T11=1;
  88   1              PH2=0;//PH2为0，B线圈为反向电流
  89   1              T02=0;//关闭电流输出
  90   1              T12=0;
  91   1              Delay(2);
  92   1              
  93   1              /*A/B/ AB都为反向电流*/
  94   1              PH1=0;//PH1为0，A组线圈为反向电流
  95   1              T01=0;//以最大电流输出
  96   1              T11=0;
  97   1              PH2=0;//PH2为0，B线圈为反向电流
  98   1              T02=0;//以最大电流输出
  99   1              T12=0;
 100   1              Delay(2);
 101   1              
 102   1      }
 103          void main()
 104          {
 105   1              while(1)
 106   1              {
 107   2                      Step();
 108   2              }
 109   1      }


MODULE INFORMATION:   STATIC OVERLAYABLE
   CODE SIZE        =    140    ----
   CONSTANT SIZE    =   ----    ----
   XDATA SIZE       =   ----    ----
   PDATA SIZE       =   ----    ----
C51 COMPILER V9.54   MAIN                                                                  07/26/2015 10:29:23 PAGE 3   

   DATA SIZE        =   ----    ----
   IDATA SIZE       =   ----    ----
   BIT SIZE         =   ----    ----
END OF MODULE INFORMATION.


C51 COMPILATION COMPLETE.  0 WARNING(S),  0 ERROR(S)
