C51 COMPILER V9.54   MAIN                                                                  07/28/2015 04:40:11 PAGE 1   


C51 COMPILER V9.54, COMPILATION OF MODULE MAIN
OBJECT MODULE PLACED IN .\Objects\main.obj
COMPILER INVOKED BY: C:\Keil_v5\C51\BIN\C51.EXE main.c OPTIMIZE(8,SPEED) BROWSE DEBUG OBJECTEXTEND PRINT(.\Listings\main
                    -.lst) OBJECT(.\Objects\main.obj)

line level    source

   1          #include<reg51.h>
   2          //sbit led=P2;
   3          
   4          void delay500ms(void)   //Îó²î 0us
   5          {
   6   1          unsigned char a,b,c;
   7   1          for(c=23;c>0;c--)
   8   1              for(b=152;b>0;b--)
   9   1                  for(a=70;a>0;a--);
  10   1      }
  11          
  12          void main()
  13          {
  14   1              unsigned char cnt=0;
  15   1              P2=0x00;
  16   1              while(1)
  17   1              {
  18   2                      
  19   2                      for(;cnt<=8;cnt++)
  20   2                      {
  21   3                              P2=(0x01<<cnt);
  22   3                              delay500ms();
  23   3                      }
  24   2                      cnt=0;
  25   2                      for(;cnt<=8;cnt++)
  26   2                      {
  27   3                              P2=(0x80>>cnt);
  28   3                              delay500ms();
  29   3                      }
  30   2                      cnt=0;
  31   2                      //led=0;
  32   2                      //delay500ms();
  33   2              }       
  34   1      }


MODULE INFORMATION:   STATIC OVERLAYABLE
   CODE SIZE        =     68    ----
   CONSTANT SIZE    =   ----    ----
   XDATA SIZE       =   ----    ----
   PDATA SIZE       =   ----    ----
   DATA SIZE        =   ----    ----
   IDATA SIZE       =   ----    ----
   BIT SIZE         =   ----    ----
END OF MODULE INFORMATION.


C51 COMPILATION COMPLETE.  0 WARNING(S),  0 ERROR(S)
