C51 COMPILER V9.54   MAIN                                                                  07/18/2015 00:01:38 PAGE 1   


C51 COMPILER V9.54, COMPILATION OF MODULE MAIN
OBJECT MODULE PLACED IN .\Objects\main.obj
COMPILER INVOKED BY: C:\Keil_v5\C51\BIN\C51.EXE main.c OPTIMIZE(8,SPEED) BROWSE DEBUG OBJECTEXTEND PRINT(.\Listings\main
                    -.lst) OBJECT(.\Objects\main.obj)

line level    source

   1          /**************************************
   2            >File Name: 矩阵键盘实验
   3            > Author: pengshp
   4            > Mail: pengshp3@outlook.com
   5            > Date: 2015年 7 月 16 日
   6          ***************************************/
   7          #include<reg51.h>
   8          #define uchar unsigned char
   9          #define GPIO_DIG P0
  10          #define GPIO_KEY P1
  11          
  12          uchar code DIG_CODE[17]={0x3f,0x06,0x5b,0x4f,
  13                                       0x66,0x6d,0x7d,0x07,
  14                                   0x7f,0x6f,0x77,0x7c,
  15                                   0x39,0x5e,0x79,0x71};
  16          uchar KeyValue;
  17          void Delay10ms();    //延时10ms
  18          void KeyDown();          //检测按键函数
  19          
  20          void main(void)
  21          {
  22   1      
  23   1              while(1)
  24   1              {
  25   2                      KeyDown();
  26   2                      GPIO_DIG=~DIG_CODE[KeyValue];
  27   2              }                               
  28   1      }
  29          
  30          void KeyDown()
  31          {
  32   1              char a=0;
  33   1              GPIO_KEY=0x0f;            //0000 1111 高四位全为0，低四位为1
  34   1              if(GPIO_KEY!=0x0f)        //读取按键是否按下
  35   1              {
  36   2                      Delay10ms();          //延时10ms进行消抖
  37   2                      if(GPIO_KEY!=0x0f)    //再次检测键盘是否按下
  38   2                      {
  39   3                              //测试列
  40   3                              GPIO_KEY=0X0F;
  41   3                              switch(GPIO_KEY)
  42   3                              {
  43   4                                      case(0X07):     KeyValue=0;break;
  44   4                                      case(0X0b):     KeyValue=1;break;
  45   4                                      case(0X0d): KeyValue=2;break;
  46   4                                      case(0X0e):     KeyValue=3;break;
  47   4                              }
  48   3                              //测试行
  49   3                              GPIO_KEY=0XF0;
  50   3                              switch(GPIO_KEY)
  51   3                              {
  52   4                                      case(0X70):     KeyValue=KeyValue;break;
  53   4                                      case(0Xb0):     KeyValue=KeyValue+4;break;
  54   4                                      case(0Xd0): KeyValue=KeyValue+8;break;
C51 COMPILER V9.54   MAIN                                                                  07/18/2015 00:01:38 PAGE 2   

  55   4                                      case(0Xe0):     KeyValue=KeyValue+12;break;
  56   4                              }
  57   3                              while((a<50)&&(GPIO_KEY!=0xf0))  //检测按键松手检测
  58   3                              {
  59   4                                      Delay10ms();                 //延时处理
  60   4                                      a++;
  61   4                              }
  62   3                      }
  63   2              }
  64   1      }
  65          
  66          void Delay10ms()   //误差 0us
  67          {
  68   1          unsigned char a,b,c;
  69   1          for(c=1;c>0;c--)
  70   1              for(b=38;b>0;b--)
  71   1                  for(a=130;a>0;a--);
  72   1      }


MODULE INFORMATION:   STATIC OVERLAYABLE
   CODE SIZE        =    151    ----
   CONSTANT SIZE    =     17    ----
   XDATA SIZE       =   ----    ----
   PDATA SIZE       =   ----    ----
   DATA SIZE        =      1       1
   IDATA SIZE       =   ----    ----
   BIT SIZE         =   ----    ----
END OF MODULE INFORMATION.


C51 COMPILATION COMPLETE.  0 WARNING(S),  0 ERROR(S)
