C51 COMPILER V9.54   MAIN                                                                  08/01/2015 11:35:31 PAGE 1   


C51 COMPILER V9.54, COMPILATION OF MODULE MAIN
OBJECT MODULE PLACED IN .\Objects\main.obj
COMPILER INVOKED BY: C:\Keil_v5\C51\BIN\C51.EXE main.c OPTIMIZE(8,SPEED) BROWSE DEBUG OBJECTEXTEND PRINT(.\Listings\main
                    -.lst) OBJECT(.\Objects\main.obj)

line level    source

   1          /**************************************
   2            > File Name: 定时器精确控制时间
   3            > Author: pengshp
   4            > Mail: pengshp3@outlook.com
   5            > Date: 2015年 8 月 1 日
   6          ***************************************/
   7          #include<reg51.h>
   8          unsigned char code LedChar[]={
   9                  0xC0, 0xF9, 0xA4, 0xB0, 0x99, 0x92, 0x82, 0xF8,
  10                  0x80, 0x90, 0x88, 0x83, 0xC6, 0xA1, 0x86, 0x8E
  11                  };
  12          unsigned char cnt=1,ts=0;
  13          void main()
  14          {
  15   1              TMOD=0x01;
  16   1              TH0=0x3C;
  17   1              TL0=0xB0;
  18   1              TR0=1;
  19   1              while(1)
  20   1              {
  21   2                      if(TF0==1)
  22   2                      {
  23   3                              TF0=0;
  24   3                              TH0=0x3C;
  25   3                              TL0=0xB0;
  26   3                              cnt++;
  27   3                              if(cnt>=20)
  28   3                              {
  29   4                                      cnt=0;
  30   4                                      P0=LedChar[ts];
  31   4                                      ts++;
  32   4                                      if(ts>=16)
  33   4                                      {
  34   5                                              ts=0;
  35   5                                      }
  36   4                              }
  37   3                      }
  38   2              }
  39   1      }


MODULE INFORMATION:   STATIC OVERLAYABLE
   CODE SIZE        =     55    ----
   CONSTANT SIZE    =     16    ----
   XDATA SIZE       =   ----    ----
   PDATA SIZE       =   ----    ----
   DATA SIZE        =      2    ----
   IDATA SIZE       =   ----    ----
   BIT SIZE         =   ----    ----
END OF MODULE INFORMATION.


C51 COMPILATION COMPLETE.  0 WARNING(S),  0 ERROR(S)
