C51 COMPILER V9.54   MAIN                                                                  07/17/2015 20:56:41 PAGE 1   


C51 COMPILER V9.54, COMPILATION OF MODULE MAIN
OBJECT MODULE PLACED IN .\Objects\main.obj
COMPILER INVOKED BY: C:\Keil_v5\C51\BIN\C51.EXE main.c OPTIMIZE(8,SPEED) BROWSE DEBUG OBJECTEXTEND PRINT(.\Listings\main
                    -.lst) OBJECT(.\Objects\main.obj)

line level    source

   1          /**************************************
   2            >File Name: 动态数码管显示
   3            > Author: pengshp
   4            > Mail: pengshp3@outlook.com
   5            > Date: 2015年 7 月 17 日
   6          ***************************************/
   7          
   8          #include<reg51.h>
   9          #define GPIO_DIG   P0   //段选
  10          #define GPIO_PLACE P1   //位选
  11          #define uchar unsigned char
  12          #define uint unsigned char
  13                  
  14          uchar code DIG_PLACE[8] = {0xfe,0xfd,0xfb,0xf7,
  15                                     0xef,0xdf,0xbf,0x7f};//位选控制   查表的方法控制
  16          uint code DIG_CODE[17] = {0x3f,0x06,0x5b,0x4f, //0、1、2、3
  17                                        0x66,0x6d,0x7d,0x07, //4、5、6、7
  18                                    0x7f,0x6f,0x77,0x7c, //8、9、A、B
  19                                    0x39,0x5e,0x79,0x71};//C、D、E、F
  20          uchar DisplayDate[8]=0; //存放要显示的8位数字
  21          void DigDisplay();
  22          void main()
  23          {
  24   1              uchar i;
  25   1              for(i=0;i<8;i++)
  26   1              {
  27   2                      DisplayDate[i]=DIG_CODE[i];
  28   2              }
  29   1              while(1)
  30   1              {
  31   2                      DigDisplay();
  32   2              }
  33   1      }
  34          
  35          void DigDisplay()
  36          {
  37   1              uchar i;
  38   1              uint j;
  39   1              for(i=0;i<8;i++)
  40   1              {
  41   2                      GPIO_PLACE = DIG_PLACE[i];       //发送位选,控制要亮的数码管
  42   2                      GPIO_DIG = DisplayDate[i];   //发送段码，显示相应的数字
  43   2                      j = 10;                                          //扫描间隔时间设定
  44   2                      while(j--);     
  45   2                      GPIO_DIG = 0x00;             //消隐
  46   2              }
  47   1      }


MODULE INFORMATION:   STATIC OVERLAYABLE
   CODE SIZE        =     55    ----
   CONSTANT SIZE    =     25    ----
   XDATA SIZE       =   ----    ----
   PDATA SIZE       =   ----    ----
C51 COMPILER V9.54   MAIN                                                                  07/17/2015 20:56:41 PAGE 2   

   DATA SIZE        =      8    ----
   IDATA SIZE       =   ----    ----
   BIT SIZE         =   ----    ----
END OF MODULE INFORMATION.


C51 COMPILATION COMPLETE.  0 WARNING(S),  0 ERROR(S)
