C51 COMPILER V9.54   MAIN                                                                  07/21/2015 18:13:05 PAGE 1   


C51 COMPILER V9.54, COMPILATION OF MODULE MAIN
OBJECT MODULE PLACED IN .\Objects\main.obj
COMPILER INVOKED BY: C:\Keil_v5\C51\BIN\C51.EXE main.c OPTIMIZE(8,SPEED) BROWSE DEBUG OBJECTEXTEND PRINT(.\Listings\main
                    -.lst) OBJECT(.\Objects\main.obj)

line level    source

   1          /**************************************
   2            > File Name: LCD1602实验
   3            > Author: pengshp
   4            > Mail: pengshp3@outlook.com
   5            > Date: 2015年 7 月 21 日
   6          ***************************************/
   7          #include<reg51.h>
   8          #define uchar unsigned char
   9          #define uint unsigned int
  10          
  11          sbit RD_RS=P2^6;
  12          sbit LCDE_E=P2^7;
  13          sbit WR_RW=P2^5;
  14          
  15          uchar code table1[]="STC-51 MCU";
  16          uchar code table2[]=" pengshp ";
  17          
  18          uchar i,j;
  19          uchar num;
  20          void Delay(uint x)
  21          {
  22   1              for(i=x;i>0;i--)
  23   1              {
  24   2                      for(j=120;j>0;j--)
  25   2                      {
  26   3                      }
  27   2              }
  28   1      }
  29          
  30          /*写命令函数*/
  31          void write_com(uchar com)
  32          {
  33   1              RD_RS=0;
  34   1              WR_RW=0;
  35   1              LCDE_E=0;
  36   1              P0=com;
  37   1              LCDE_E=1;
  38   1              Delay(5);
  39   1              LCDE_E=0;
  40   1      }
  41          
  42          /*写数据函数*/
  43          void write_data(uchar dat)
  44          {
  45   1              RD_RS=1;
  46   1              WR_RW=0;
  47   1              LCDE_E=0;
  48   1              P0=dat;
  49   1              LCDE_E=1;
  50   1              Delay(5);
  51   1              LCDE_E=0;
  52   1      }
  53          
  54          /*初始化函数*/
C51 COMPILER V9.54   MAIN                                                                  07/21/2015 18:13:05 PAGE 2   

  55          void intt()
  56          {
  57   1              write_com(0x38);//显示模式
  58   1              write_com(0x08);//显示关闭
  59   1              write_com(0x01);//显示清屏
  60   1              write_com(0x06);//显示光标移动
  61   1              write_com(0x0F);//显示开及光标设置
  62   1      }
  63                  
  64          void main()
  65          {
  66   1              intt();
  67   1              for(num=0;num<10;num++)
  68   1          {
  69   2                      write_data(table1[num]);
  70   2                      Delay(300);
  71   2          }
  72   1              write_com(0x80+0x40);
  73   1              for(num=0;num<9;num++)
  74   1          {
  75   2                      write_data(table2[num]);
  76   2                      Delay(10);
  77   2          }
  78   1              while(1);
  79   1      }


MODULE INFORMATION:   STATIC OVERLAYABLE
   CODE SIZE        =    141    ----
   CONSTANT SIZE    =     21    ----
   XDATA SIZE       =   ----    ----
   PDATA SIZE       =   ----    ----
   DATA SIZE        =      3    ----
   IDATA SIZE       =   ----    ----
   BIT SIZE         =   ----    ----
END OF MODULE INFORMATION.


C51 COMPILATION COMPLETE.  0 WARNING(S),  0 ERROR(S)
