C51 COMPILER V9.54   MAIN                                                                  07/25/2015 23:05:49 PAGE 1   


C51 COMPILER V9.54, COMPILATION OF MODULE MAIN
OBJECT MODULE PLACED IN .\Objects\main.obj
COMPILER INVOKED BY: C:\Keil_v5\C51\BIN\C51.EXE main.c OPTIMIZE(8,SPEED) BROWSE DEBUG OBJECTEXTEND PRINT(.\Listings\main
                    -.lst) OBJECT(.\Objects\main.obj)

line level    source

   1          /**************************************
   2            > File Name: 蜂鸣器实验
   3            > Author: pengshp
   4            > Mail: pengshp3@outlook.com
   5            > Date: 2015年 7 月 25 日
   6          ***************************************/
   7          #include <reg51.h>
   8          #define uchar unsigned char
   9          #define uint unsigned int
  10          
  11          sbit BUZZ = P1^5;
  12          
  13          unsigned char T0RH=0;
  14          unsigned char T0RL=0;
  15          void OpenBuzz(unsigned int frequ);
  16          void StopBuzz();
  17          
  18          void main()
  19          {
  20   1              unsigned int i;
  21   1      
  22   1              EA =1;
  23   1              TMOD = 0x01;
  24   1      
  25   1              while(1)
  26   1              {
  27   2                      OpenBuzz(4000);
  28   2                      for(i=0; i<40000; i++);
  29   2                      StopBuzz();
  30   2                      for(i=0; i<40000; i++);
  31   2                      OpenBuzz(1000);
  32   2                      for(i=0; i<40000; i++);
  33   2                      StopBuzz();
  34   2                      for(i=0; i<40000; i++);
  35   2      
  36   2              }
  37   1      }
  38          
  39          void OpenBuzz(unsigned int frequ)
  40          {
  41   1              unsigned int reload;
  42   1      
  43   1              reload = 65536 - (11059200/12)/(frequ*2); 
  44   1              T0RH = (unsigned char)(reload >>8);
  45   1              T0RL = (unsigned char)reload;
  46   1      
  47   1              TH0 = 0xFF;
  48   1              TL0 = 0xFE;
  49   1      
  50   1              ET0 = 1;
  51   1              TR0 = 1;
  52   1      }
  53          
  54          void StopBuzz()
C51 COMPILER V9.54   MAIN                                                                  07/25/2015 23:05:49 PAGE 2   

  55          {
  56   1              ET0 = 0;
  57   1              TR0 = 0;
  58   1      }
  59          
  60          void InterruptTimer0() interrupt 1
  61          {
  62   1              TH0 = T0RH;
  63   1              TL0 = T0RL;
  64   1              BUZZ = ~BUZZ;
  65   1      }


MODULE INFORMATION:   STATIC OVERLAYABLE
   CODE SIZE        =    189    ----
   CONSTANT SIZE    =   ----    ----
   XDATA SIZE       =   ----    ----
   PDATA SIZE       =   ----    ----
   DATA SIZE        =      2    ----
   IDATA SIZE       =   ----    ----
   BIT SIZE         =   ----    ----
END OF MODULE INFORMATION.


C51 COMPILATION COMPLETE.  0 WARNING(S),  0 ERROR(S)
