C51 COMPILER V9.54   MAIN                                                                  07/22/2015 00:05:26 PAGE 1   


C51 COMPILER V9.54, COMPILATION OF MODULE MAIN
OBJECT MODULE PLACED IN .\Objects\main.obj
COMPILER INVOKED BY: C:\Keil_v5\C51\BIN\C51.EXE main.c OPTIMIZE(8,SPEED) BROWSE DEBUG OBJECTEXTEND PRINT(.\Listings\main
                    -.lst) OBJECT(.\Objects\main.obj)

line level    source

   1          /**************************************
   2            > File Name: 串口通信实验
   3            > Author: pengshp
   4            > Mail: pengshp3@outlook.com
   5            > Date: 2015年 7 月 21 日
   6          ***************************************/
   7          #include<reg51.h>
   8          #define uchar unsigned char
   9          #define uint unsigned int
  10          
  11          uchar flag,i;
  12          /*串口初始化函数*/
  13          void init_uart()
  14          {
  15   1              SCON=0x50;  //设置为工作方式1
  16   1              TMOD=0x20;  //设置计数器工作方式2
  17   1              PCON=0x80;  //波特率加倍
  18   1              TH1=0xF3;   //计数器初始值，波特率为4800
  19   1              TL1=0xF3;
  20   1              EA=1;       //打开总中断
  21   1              ES=1;       //打开接受中断
  22   1              TR1=1;      //打开计数器
  23   1      }
  24          
  25          void main()
  26          {
  27   1              init_uart();
  28   1              while(1)
  29   1              {
  30   2                      if(flag==1)
  31   2                      {
  32   3                              ES=0;      //关闭串口中断
  33   3                              flag=0;
  34   3                              SBUF=i;    //接受到的数据写入SBUF
  35   3                              while(!TI);//判断是否发送完
  36   3                              TI=0;
  37   3                              ES=1;      //打开串口中断
  38   3                      }
  39   2              }
  40   1      }       
  41          
  42          void serial() interrupt 4
  43          {
  44   1              RI=0;              //接受标志位清零
  45   1              i=SBUF;            //从SBUF读数据
  46   1              flag=1;            //说明接受到数据
  47   1      }


MODULE INFORMATION:   STATIC OVERLAYABLE
   CODE SIZE        =     56    ----
   CONSTANT SIZE    =   ----    ----
   XDATA SIZE       =   ----    ----
   PDATA SIZE       =   ----    ----
C51 COMPILER V9.54   MAIN                                                                  07/22/2015 00:05:26 PAGE 2   

   DATA SIZE        =      2    ----
   IDATA SIZE       =   ----    ----
   BIT SIZE         =   ----    ----
END OF MODULE INFORMATION.


C51 COMPILATION COMPLETE.  0 WARNING(S),  0 ERROR(S)
