C51 COMPILER V9.55   MAIN                                                                  03/26/2016 09:25:11 PAGE 1   


C51 COMPILER V9.55, COMPILATION OF MODULE MAIN
OBJECT MODULE PLACED IN .\Objects\main.obj
COMPILER INVOKED BY: C:\Keil_v5\C51\BIN\C51.EXE main.c OPTIMIZE(8,SPEED) BROWSE DEBUG OBJECTEXTEND PRINT(.\Listings\main
                    -.lst) OBJECT(.\Objects\main.obj)

line level    source

   1          /*********************************************************
   2            > File Name: 串口通信实验2
   3            > Author: pengshp
   4            > Mail: pengshp3@outlook.com
   5            > Date: 2016年 3 月 26 日
   6          ***********************************************************/
   7          
   8          #include<reg51.h>
   9          #define uchar unsigned char
  10          #define uint unsigned int
  11          
  12          uchar flag,i;
  13          void init_UART()
  14          {
  15   1              SCON=0x50;
  16   1              TMOD=0x20;
  17   1              PCON=0x80;
  18   1              TH1=0xF3;
  19   1              TL1=0XF3;
  20   1              EA=1;
  21   1              ES=1;
  22   1              TR1=1;
  23   1      }
  24          
  25          
  26          int main()
  27          {
  28   1              init_UART();
  29   1              while(1)
  30   1              {
  31   2                      if(flag==1)
  32   2                      {
  33   3                              ES=0;
  34   3                              flag=0;
  35   3                              SBUF=i;
  36   3                              while(!TI);
  37   3                              TI=0;
  38   3                              ES=1;
  39   3                      }
  40   2              }
  41   1              return 0;
  42   1      }
  43          
  44          void serial() interrupt 4
  45          {
  46   1              RI=0;
  47   1              i=SBUF;
  48   1              flag=1;
  49   1      }
*** WARNING C294 IN LINE 41 OF main.c: unreachable code


MODULE INFORMATION:   STATIC OVERLAYABLE
   CODE SIZE        =     56    ----
C51 COMPILER V9.55   MAIN                                                                  03/26/2016 09:25:11 PAGE 2   

   CONSTANT SIZE    =   ----    ----
   XDATA SIZE       =   ----    ----
   PDATA SIZE       =   ----    ----
   DATA SIZE        =      2    ----
   IDATA SIZE       =   ----    ----
   BIT SIZE         =   ----    ----
END OF MODULE INFORMATION.


C51 COMPILATION COMPLETE.  1 WARNING(S),  0 ERROR(S)
