C51 COMPILER V9.00   BEEP                                                                  07/12/2012 14:03:14 PAGE 1   


C51 COMPILER V9.00, COMPILATION OF MODULE BEEP
OBJECT MODULE PLACED IN beep.OBJ
COMPILER INVOKED BY: C:\Keil\C51\BIN\C51.EXE beep.c BROWSE DEBUG OBJECTEXTEND

line level    source

   1          #include <reg51.h>
   2          sbit Beep =  P1^5 ;
   3          void delay(unsigned int i) ;
   4          void main()
   5          {
   6   1               Beep= 1;
   7   1               delay(5);
   8   1               Beep= 0;
   9   1               delay(5);
  10   1      } 
  11          
  12           void delay(unsigned int i)
  13          {
  14   1          char j;
  15   1          for(i; i > 0; i--)
  16   1              for(j = 200; j > 0; j--);
  17   1      }
  18          


MODULE INFORMATION:   STATIC OVERLAYABLE
   CODE SIZE        =     48    ----
   CONSTANT SIZE    =   ----    ----
   XDATA SIZE       =   ----    ----
   PDATA SIZE       =   ----    ----
   DATA SIZE        =   ----    ----
   IDATA SIZE       =   ----    ----
   BIT SIZE         =   ----    ----
END OF MODULE INFORMATION.


C51 COMPILATION COMPLETE.  0 WARNING(S),  0 ERROR(S)
