C51 COMPILER V9.54   MAIN                                                                  07/26/2015 00:25:26 PAGE 1   


C51 COMPILER V9.54, COMPILATION OF MODULE MAIN
OBJECT MODULE PLACED IN .\Objects\main.obj
COMPILER INVOKED BY: C:\Keil_v5\C51\BIN\C51.EXE main.c OPTIMIZE(8,SPEED) BROWSE DEBUG OBJECTEXTEND PRINT(.\Listings\main
                    -.lst) OBJECT(.\Objects\main.obj)

line level    source

   1          /**************************************
   2            > File Name: 继电器实验
   3            > Author: pengshp
   4            > Mail: pengshp3@outlook.com
   5            > Date: 2015年 7 月 25 日
   6          ***************************************/
   7          #include <reg51.h>
   8          #define uchar unsigned char
   9          #define uint unsigned int
  10          
  11          sbit RELAY=P1^4;              //继电器位声明
  12          sbit K1=P0^0;                 //开关K1位声明
  13          
  14          void Delay(uint ms)
  15          {
  16   1              uchar i;
  17   1              while(ms--)
  18   1              {
  19   2                      for(i=120;i>0;i--);
  20   2              }
  21   1      }
  22          void main()
  23          {
  24   1              RELAY=0;                  //继电器工作
  25   1              K1=1;
  26   1              while(1)
  27   1              {
  28   2                      if(!K1)
  29   2                      {
  30   3                              Delay(50);
  31   3                              if(K1==0)
  32   3                              {
  33   4                                      while(!K1);   //等待按键释放
  34   4                                      RELAY=~RELAY; //继电器取反
  35   4                              }
  36   3                      }
  37   2              }
  38   1      }


MODULE INFORMATION:   STATIC OVERLAYABLE
   CODE SIZE        =     46    ----
   CONSTANT SIZE    =   ----    ----
   XDATA SIZE       =   ----    ----
   PDATA SIZE       =   ----    ----
   DATA SIZE        =   ----    ----
   IDATA SIZE       =   ----    ----
   BIT SIZE         =   ----    ----
END OF MODULE INFORMATION.


C51 COMPILATION COMPLETE.  0 WARNING(S),  0 ERROR(S)
