C51 COMPILER V9.54   MAIN                                                                  07/17/2015 18:09:31 PAGE 1   


C51 COMPILER V9.54, COMPILATION OF MODULE MAIN
OBJECT MODULE PLACED IN .\Objects\main.obj
COMPILER INVOKED BY: C:\Keil_v5\C51\BIN\C51.EXE main.c OPTIMIZE(8,SPEED) BROWSE DEBUG OBJECTEXTEND PRINT(.\Listings\main
                    -.lst) OBJECT(.\Objects\main.obj)

line level    source

   1          /***********************************************
   2             > File Name: 静态数码管
   3             > Author: pengshp
   4             > Mail: pengshp3@outlook.com
   5             > Date: 2015年 7 月 17 日
   6          *************************************************/
   7          
   8          #include<reg51.h>
   9          #define uchar unsigned char
  10          #define uint unsigned int
  11          #define GPIO_DIG P0
  12          uchar code DIG_CODE[10]={0x3f,0x06,0x5b,0x4f,0x66,
  13                                   0x6d,0x7d,0x07,0x7f,0x6f};//显示0-9的值
  14          void Delay(uchar);
  15          void main()
  16          {
  17   1              uchar i;
  18   1              while(1)
  19   1              {
  20   2                      for(i=0;i<10;i++)           //依次显示0-9
  21   2                      {
  22   3                              GPIO_DIG=~DIG_CODE[i];
  23   3                              Delay(800);                     //延时处理
  24   3                              //GPIO_DIG=DIG_CODE[i];
  25   3                      }
  26   2          }
  27   1      }
  28          void Delay(uchar x)
  29          {
  30   1              uint a,b;
  31   1              for(a=x;a>0;a--)
  32   1              {
  33   2                      for(b=2000;b>0;b--)
  34   2                      {
  35   3                      }
  36   2              }
  37   1      }


MODULE INFORMATION:   STATIC OVERLAYABLE
   CODE SIZE        =     60    ----
   CONSTANT SIZE    =     10    ----
   XDATA SIZE       =   ----    ----
   PDATA SIZE       =   ----    ----
   DATA SIZE        =   ----       1
   IDATA SIZE       =   ----    ----
   BIT SIZE         =   ----    ----
END OF MODULE INFORMATION.


C51 COMPILATION COMPLETE.  0 WARNING(S),  0 ERROR(S)
