C51 COMPILER V9.55   MAIN                                                                  03/30/2016 21:32:37 PAGE 1   


C51 COMPILER V9.55, COMPILATION OF MODULE MAIN
OBJECT MODULE PLACED IN .\Objects\main.obj
COMPILER INVOKED BY: C:\Keil_v5\C51\BIN\C51.EXE main.c OPTIMIZE(8,SPEED) BROWSE DEBUG OBJECTEXTEND PRINT(.\Listings\main
                    -.lst) OBJECT(.\Objects\main.obj)

line level    source

   1          /**************************************
   2            > File Name: 串口数据接收PC->MCU
   3            > Author: pengshp
   4            > Mail: pengshp3@outlook.com
   5            > Date: 2016 年 3 月 27 日
   6            > 说明：把收到的数据通过P2控制8个小灯的亮灭
   7          ***************************************/
   8          #include<reg51.h>
   9          #include<stdio.h>
  10          #define uchar unsigned char
  11          #define uint unsigned int
  12          
  13          uchar tmp;
  14          void init_UART()
  15          {
  16   1              SCON=0x50;
  17   1              TMOD=0x20;
  18   1              PCON=0x00; //波特率加倍
  19   1              TH1=0xFD;  //波特率9600
  20   1              TL1=TH1;
  21   1              TR1=1;
  22   1      }
  23          
  24          uchar UART_Rec()
  25          {
  26   1              uchar g_Uart_Reval;
  27   1              if(RI)//RI=1,说明数据接收完毕
  28   1              {
  29   2                      g_Uart_Reval=SBUF;//读取缓冲器的数据
  30   2                      RI=0;             //软件清零
  31   2              }
  32   1              return g_Uart_Reval;
  33   1      }
  34          int main()
  35          {
  36   1              init_UART();
  37   1              /*
  38   1              TI=1;
  39   1              printf("I love you");
  40   1              while(!TI);
  41   1              TI=0;
  42   1              */
  43   1              
  44   1              while(1)
  45   1              {
  46   2                      tmp=UART_Rec();
  47   2                      if(tmp=='1')
  48   2                      {
  49   3                              P2=0xFF;
  50   3                      }
  51   2                      else if (tmp=='0')
  52   2                      {
  53   3                              P2=0x55;
  54   3                      }
C51 COMPILER V9.55   MAIN                                                                  03/30/2016 21:32:37 PAGE 2   

  55   2              }
  56   1              return 0;
  57   1      }
  58          
  59          //void UARTInterrupt() interrupt 4
  60          //{
  61          //      if(RI)
  62          //      {
  63          //              RI=0;
  64          //              
  65          //      }
  66          //      else
  67          //              TI=0;
  68          //}
*** WARNING C294 IN LINE 56 OF main.c: unreachable code


MODULE INFORMATION:   STATIC OVERLAYABLE
   CODE SIZE        =     54    ----
   CONSTANT SIZE    =   ----    ----
   XDATA SIZE       =   ----    ----
   PDATA SIZE       =   ----    ----
   DATA SIZE        =      1    ----
   IDATA SIZE       =   ----    ----
   BIT SIZE         =   ----    ----
END OF MODULE INFORMATION.


C51 COMPILATION COMPLETE.  1 WARNING(S),  0 ERROR(S)
